MPASM  5.51            CONTADOR_ASCENDETE.ASM   3-18-2025  11:16:08         PAGE  1


LOC  OBJECT CODE     LINE SOURCE TEXT
  VALUE

2007   3F31           00001                 __CONFIG _XT_OSC & _WDTE_OFF & _PWRTE_ON & _CP_OFF & _LVP_OFF & _BOREN_OFF
                      00002                 LIST    P=16F877A
                      00003                 INCLUDE <P16F877A.INC>
                      00001         LIST
                      00002 
                      00003 ;==========================================================================
                      00004 ;  MPASM PIC16F877A processor include
                      00005 ; 
                      00006 ;  (c) Copyright 1999-2013 Microchip Technology, All rights reserved
                      00007 ;==========================================================================
                      00008 
                      00566         LIST
                      00004                 CBLOCK  0X20
  00000020            00005                 UNIDAD
  00000021            00006                 DECENA
  00000022            00007                 AUX
  00000023            00008                 CONT1
  00000024            00009                 CONT2
  00000025            00010                 AUX2
                      00011                 ENDC
                      00012 
                      00013                 #DEFINE DISPLAY1        PORTA,RA0
                      00014                 #DEFINE DISPLAY2        PORTA,RA1
                      00015                 #DEFINE BOTON_INT       PORTB,RB0
0000                  00016                                 ORG             0X00
0000   2805           00017                                 GOTO    CONFIGURAR
0004                  00018                                 ORG             0X04
0004   281A           00019                                 GOTO    INT_RB0
0005                  00020 CONFIGURAR:
0005   1683           00021                                 BSF             STATUS,RP0
0006   3006           00022                                 MOVLW   0X06
Message[302]: Register in operand not in bank 0.  Ensure that bank bits are correct.
0007   009F           00023                                 MOVWF   ADCON1
Message[302]: Register in operand not in bank 0.  Ensure that bank bits are correct.
0008   1005           00024                                 BCF             TRISA,RA0
Message[302]: Register in operand not in bank 0.  Ensure that bank bits are correct.
0009   1085           00025                                 BCF             TRISA,RA1
Message[302]: Register in operand not in bank 0.  Ensure that bank bits are correct.
000A   1105           00026                                 BCF             TRISA,RA2
Message[302]: Register in operand not in bank 0.  Ensure that bank bits are correct.
000B   1406           00027                                 BSF             TRISB,RB0
Message[302]: Register in operand not in bank 0.  Ensure that bank bits are correct.
000C   0188           00028                                 CLRF    TRISD
Message[302]: Register in operand not in bank 0.  Ensure that bank bits are correct.
000D   1701           00029                                 BSF             OPTION_REG,INTEDG       ;FLANCO DE SUBIDA
000E   1283           00030                                 BCF             STATUS,RP0
000F   178B           00031                                 BSF             INTCON,GIE                      ;ACTIVA INTERRUPCION GLO
                            BAL
0010   160B           00032                                 BSF             INTCON,INTE                     ;ACTIVA INTERRUPCION EXT
                            ERNA RB0
0011   0185           00033                                 CLRF    PORTA
0012   0188           00034                                 CLRF    PORTD
0013   01A0           00035                                 CLRF    UNIDAD
MPASM  5.51            CONTADOR_ASCENDETE.ASM   3-18-2025  11:16:08         PAGE  2


LOC  OBJECT CODE     LINE SOURCE TEXT
  VALUE

0014   01A1           00036                                 CLRF    DECENA
0015   3032           00037                                 MOVLW   .50
0016   00A5           00038                                 MOVWF   AUX2
                      00039 
0017                  00040 MAIN:
0017   2032           00041                                 CALL    VISUALIZAR
0018   204A           00042                                 CALL    INCREMENTAR
0019   2817           00043                                 GOTO    MAIN
                      00044 
001A                  00045 INT_RB0:
001A   1C06           00046                                 BTFSS   BOTON_INT
001B   2820           00047                                 GOTO    LIMPIAR
001C   1505           00048                                 BSF             PORTA,2
001D   2025           00049                                 CALL    DECREMENTAR
001E   2032           00050                                 CALL    VISUALIZAR
001F   281A           00051                                 GOTO    INT_RB0
0020                  00052 LIMPIAR:
0020   108B           00053                                 BCF             INTCON,INTF
0021   1105           00054                                 BCF             PORTA,2
0022   3032           00055                                 MOVLW   .50
0023   00A5           00056                                 MOVWF   AUX2
0024   0009           00057                                 RETFIE
0025                  00058 DECREMENTAR:
Message[305]: Using default destination of 1 (file).
0025   0BA5           00059                                 DECFSZ  AUX2
0026   0008           00060                                 RETURN
                      00061                         
0027   3032           00062                                 MOVLW   .50
0028   00A5           00063                                 MOVWF   AUX2
Message[305]: Using default destination of 1 (file).
0029   0BA0           00064                                 DECFSZ  UNIDAD
002A   0008           00065                                 RETURN
                      00066 
002B   3009           00067                                 MOVLW   .9
002C   00A0           00068                                 MOVWF   UNIDAD
002D   0BA1           00069                                 DECFSZ  DECENA,F
002E   0008           00070                                 RETURN
                      00071 
002F   300A           00072                                 MOVLW   .10
0030   00A1           00073                                 MOVWF   DECENA
0031   0008           00074                                 RETURN
                      00075                                 
                      00076                                 
                      00077                                 
                      00078 
0032                  00079 VISUALIZAR:
                      00080 ;UNIDAD
0032   1405           00081                                 BSF             DISPLAY1
0033   1085           00082                                 BCF             DISPLAY2
0034   0820           00083                                 MOVF    UNIDAD,W
0035   203F           00084                                 CALL    TABLA_DEC
0036   0088           00085                                 MOVWF   PORTD
0037   205F           00086                                 CALL    RETARDO_5MS
MPASM  5.51            CONTADOR_ASCENDETE.ASM   3-18-2025  11:16:08         PAGE  3


LOC  OBJECT CODE     LINE SOURCE TEXT
  VALUE

                      00087 ;DECENA
0038   1005           00088                                 BCF             DISPLAY1
0039   1485           00089                                 BSF             DISPLAY2
003A   0821           00090                                 MOVF    DECENA,W
003B   203F           00091                                 CALL    TABLA_DEC
003C   0088           00092                                 MOVWF   PORTD
003D   205F           00093                                 CALL    RETARDO_5MS
003E   0008           00094                                 RETURN
003F                  00095 TABLA_DEC:
003F   0782           00096                                 ADDWF   PCL,F   ;PCL=PCL+W
0040   343F           00097                                 RETLW   0X3F    ;0
0041   3406           00098                                 RETLW   0X06    ;1
0042   345B           00099                                 RETLW   0X5B    ;2
0043   344F           00100                                 RETLW   0X4F    ;3
0044   3466           00101                                 RETLW   0X66    ;4
0045   346D           00102                                 RETLW   0X6D    ;5
0046   347D           00103                                 RETLW   0X7D    ;6
0047   3407           00104                                 RETLW   0X07    ;7
0048   347F           00105                                 RETLW   0X7F    ;8
0049   346F           00106                                 RETLW   0X6F    ;9      
                      00107 
004A                  00108 INCREMENTAR:
004A   0AA2           00109                                 INCF    AUX,F   ;AUX=AUX+1
004B   3032           00110                                 MOVLW   .50
004C   0222           00111                                 SUBWF   AUX,W
004D   1D03           00112                                 BTFSS   STATUS,Z
004E   0008           00113                                 RETURN
                      00114 ;INCREMENTA UNIDAD
004F   01A2           00115                                 CLRF    AUX
0050   0AA0           00116                                 INCF    UNIDAD,F
0051   300A           00117                                 MOVLW   .10
0052   0220           00118                                 SUBWF   UNIDAD,W
0053   1D03           00119                                 BTFSS   STATUS,Z
0054   0008           00120                                 RETURN
                      00121 ;INCREMENTA DECENA
0055   01A0           00122                                 CLRF    UNIDAD
0056   0AA1           00123                                 INCF    DECENA,F
0057   300A           00124                                 MOVLW   .10
0058   0221           00125                                 SUBWF   DECENA,W
0059   1D03           00126                                 BTFSS   STATUS,Z
005A   0008           00127                                 RETURN
                      00128 ;REINICIA
005B   01A0           00129                                 CLRF    UNIDAD
005C   01A1           00130                                 CLRF    DECENA
005D   01A2           00131                                 CLRF    AUX
005E   0008           00132                                 RETURN
                      00133                                 
005F                  00134 RETARDO_5MS:
005F   3020           00135                                 MOVLW   .32
0060   00A4           00136                                 MOVWF   CONT2
0061                  00137 CICLO2:
0061   3032           00138                                 MOVLW   .50
0062   00A3           00139                                 MOVWF   CONT1
MPASM  5.51            CONTADOR_ASCENDETE.ASM   3-18-2025  11:16:08         PAGE  4


LOC  OBJECT CODE     LINE SOURCE TEXT
  VALUE

0063                  00140 CICLO1:
0063   0BA3           00141                                 DECFSZ  CONT1,F
0064   2863           00142                                 GOTO    CICLO1
0065   0BA4           00143                                 DECFSZ  CONT2,F
0066   2861           00144                                 GOTO    CICLO2
0067   0008           00145                                 RETURN
                      00146                                 END
MPASM  5.51            CONTADOR_ASCENDETE.ASM   3-18-2025  11:16:08         PAGE  5


SYMBOL TABLE
  LABEL                             VALUE 

ACKDT                             00000005
ACKEN                             00000004
ACKSTAT                           00000006
ADCON0                            0000001F
ADCON1                            0000009F
ADCS0                             00000006
ADCS1                             00000007
ADCS2                             00000006
ADDEN                             00000003
ADFM                              00000007
ADIE                              00000006
ADIF                              00000006
ADON                              00000000
ADRESH                            0000001E
ADRESL                            0000009E
AUX                               00000022
AUX2                              00000025
BCLIE                             00000003
BCLIF                             00000003
BF                                00000000
BOTON_INT                         PORTB,RB0
BRGH                              00000002
C                                 00000000
C1INV                             00000004
C1OUT                             00000006
C2INV                             00000005
C2OUT                             00000007
CCP1CON                           00000017
CCP1IE                            00000002
CCP1IF                            00000002
CCP1M0                            00000000
CCP1M1                            00000001
CCP1M2                            00000002
CCP1M3                            00000003
CCP1X                             00000005
CCP1Y                             00000004
CCP2CON                           0000001D
CCP2IE                            00000000
CCP2IF                            00000000
CCP2M0                            00000000
CCP2M1                            00000001
CCP2M2                            00000002
CCP2M3                            00000003
CCP2X                             00000005
CCP2Y                             00000004
CCPR1                             00000015
CCPR1H                            00000016
CCPR1L                            00000015
CCPR2                             0000001B
CCPR2H                            0000001C
CCPR2L                            0000001B
CHS0                              00000003
CHS1                              00000004
MPASM  5.51            CONTADOR_ASCENDETE.ASM   3-18-2025  11:16:08         PAGE  6


SYMBOL TABLE
  LABEL                             VALUE 

CHS2                              00000005
CICLO1                            00000063
CICLO2                            00000061
CIS                               00000003
CKE                               00000006
CKP                               00000004
CM0                               00000000
CM1                               00000001
CM2                               00000002
CMCON                             0000009C
CMIE                              00000006
CMIF                              00000006
CONFIGURAR                        00000005
CONT1                             00000023
CONT2                             00000024
CREN                              00000004
CSRC                              00000007
CVR0                              00000000
CVR1                              00000001
CVR2                              00000002
CVR3                              00000003
CVRCON                            0000009D
CVREN                             00000007
CVROE                             00000006
CVRR                              00000005
D                                 00000005
DATA_ADDRESS                      00000005
DC                                00000001
DECENA                            00000021
DECREMENTAR                       00000025
DISPLAY1                          PORTA,RA0
DISPLAY2                          PORTA,RA1
D_A                               00000005
D_NOT_A                           00000005
EEADR                             0000010D
EEADRH                            0000010F
EECON1                            0000018C
EECON2                            0000018D
EEDATA                            0000010C
EEDATH                            0000010E
EEIE                              00000004
EEIF                              00000004
EEPGD                             00000007
F                                 00000001
FERR                              00000002
FSR                               00000004
GCEN                              00000007
GIE                               00000007
GO                                00000002
GO_DONE                           00000002
GO_NOT_DONE                       00000002
I2C_DATA                          00000005
I2C_READ                          00000002
MPASM  5.51            CONTADOR_ASCENDETE.ASM   3-18-2025  11:16:08         PAGE  7


SYMBOL TABLE
  LABEL                             VALUE 

I2C_START                         00000003
I2C_STOP                          00000004
IBF                               00000007
IBOV                              00000005
INCREMENTAR                       0000004A
INDF                              00000000
INTCON                            0000000B
INTE                              00000004
INTEDG                            00000006
INTF                              00000001
INT_RB0                           0000001A
IRP                               00000007
LIMPIAR                           00000020
MAIN                              00000017
NOT_A                             00000005
NOT_ADDRESS                       00000005
NOT_BO                            00000000
NOT_BOR                           00000000
NOT_DONE                          00000002
NOT_PD                            00000003
NOT_POR                           00000001
NOT_RBPU                          00000007
NOT_RC8                           00000006
NOT_T1SYNC                        00000002
NOT_TO                            00000004
NOT_TX8                           00000006
NOT_W                             00000002
NOT_WRITE                         00000002
OBF                               00000006
OERR                              00000001
OPTION_REG                        00000081
P                                 00000004
PCFG0                             00000000
PCFG1                             00000001
PCFG2                             00000002
PCFG3                             00000003
PCL                               00000002
PCLATH                            0000000A
PCON                              0000008E
PEIE                              00000006
PEN                               00000002
PIE1                              0000008C
PIE2                              0000008D
PIR1                              0000000C
PIR2                              0000000D
PORTA                             00000005
PORTB                             00000006
PORTC                             00000007
PORTD                             00000008
PORTE                             00000009
PR2                               00000092
PS0                               00000000
PS1                               00000001
MPASM  5.51            CONTADOR_ASCENDETE.ASM   3-18-2025  11:16:08         PAGE  8


SYMBOL TABLE
  LABEL                             VALUE 

PS2                               00000002
PSA                               00000003
PSPIE                             00000007
PSPIF                             00000007
PSPMODE                           00000004
R                                 00000002
RA0                               00000000
RA1                               00000001
RA2                               00000002
RA3                               00000003
RA4                               00000004
RA5                               00000005
RB0                               00000000
RB1                               00000001
RB2                               00000002
RB3                               00000003
RB4                               00000004
RB5                               00000005
RB6                               00000006
RB7                               00000007
RBIE                              00000003
RBIF                              00000000
RC0                               00000000
RC1                               00000001
RC2                               00000002
RC3                               00000003
RC4                               00000004
RC5                               00000005
RC6                               00000006
RC7                               00000007
RC8_9                             00000006
RC9                               00000006
RCD8                              00000000
RCEN                              00000003
RCIE                              00000005
RCIF                              00000005
RCREG                             0000001A
RCSTA                             00000018
RD                                00000000
RD0                               00000000
RD1                               00000001
RD2                               00000002
RD3                               00000003
RD4                               00000004
RD5                               00000005
RD6                               00000006
RD7                               00000007
RE0                               00000000
RE1                               00000001
RE2                               00000002
READ_WRITE                        00000002
RETARDO_5MS                       0000005F
RP0                               00000005
MPASM  5.51            CONTADOR_ASCENDETE.ASM   3-18-2025  11:16:08         PAGE  9


SYMBOL TABLE
  LABEL                             VALUE 

RP1                               00000006
RSEN                              00000001
RX9                               00000006
RX9D                              00000000
R_NOT_W                           00000002
R_W                               00000002
S                                 00000003
SEN                               00000000
SMP                               00000007
SPBRG                             00000099
SPEN                              00000007
SREN                              00000005
SSPADD                            00000093
SSPBUF                            00000013
SSPCON                            00000014
SSPCON2                           00000091
SSPEN                             00000005
SSPIE                             00000003
SSPIF                             00000003
SSPM0                             00000000
SSPM1                             00000001
SSPM2                             00000002
SSPM3                             00000003
SSPOV                             00000006
SSPSTAT                           00000094
STATUS                            00000003
SYNC                              00000004
T0CS                              00000005
T0IE                              00000005
T0IF                              00000002
T0SE                              00000004
T1CKPS0                           00000004
T1CKPS1                           00000005
T1CON                             00000010
T1INSYNC                          00000002
T1OSCEN                           00000003
T1SYNC                            00000002
T2CKPS0                           00000000
T2CKPS1                           00000001
T2CON                             00000012
TABLA_DEC                         0000003F
TMR0                              00000001
TMR0IE                            00000005
TMR0IF                            00000002
TMR1                              0000000E
TMR1CS                            00000001
TMR1H                             0000000F
TMR1IE                            00000000
TMR1IF                            00000000
TMR1L                             0000000E
TMR1ON                            00000000
TMR2                              00000011
TMR2IE                            00000001
MPASM  5.51            CONTADOR_ASCENDETE.ASM   3-18-2025  11:16:08         PAGE 10


SYMBOL TABLE
  LABEL                             VALUE 

TMR2IF                            00000001
TMR2ON                            00000002
TOUTPS0                           00000003
TOUTPS1                           00000004
TOUTPS2                           00000005
TOUTPS3                           00000006
TRISA                             00000085
TRISA0                            00000000
TRISA1                            00000001
TRISA2                            00000002
TRISA3                            00000003
TRISA4                            00000004
TRISA5                            00000005
TRISB                             00000086
TRISB0                            00000000
TRISB1                            00000001
TRISB2                            00000002
TRISB3                            00000003
TRISB4                            00000004
TRISB5                            00000005
TRISB6                            00000006
TRISB7                            00000007
TRISC                             00000087
TRISC0                            00000000
TRISC1                            00000001
TRISC2                            00000002
TRISC3                            00000003
TRISC4                            00000004
TRISC5                            00000005
TRISC6                            00000006
TRISC7                            00000007
TRISD                             00000088
TRISD0                            00000000
TRISD1                            00000001
TRISD2                            00000002
TRISD3                            00000003
TRISD4                            00000004
TRISD5                            00000005
TRISD6                            00000006
TRISD7                            00000007
TRISE                             00000089
TRISE0                            00000000
TRISE1                            00000001
TRISE2                            00000002
TRMT                              00000001
TX8_9                             00000006
TX9                               00000006
TX9D                              00000000
TXD8                              00000000
TXEN                              00000005
TXIE                              00000004
TXIF                              00000004
TXREG                             00000019
MPASM  5.51            CONTADOR_ASCENDETE.ASM   3-18-2025  11:16:08         PAGE 11


SYMBOL TABLE
  LABEL                             VALUE 

TXSTA                             00000098
UA                                00000001
UNIDAD                            00000020
VISUALIZAR                        00000032
W                                 00000000
WCOL                              00000007
WR                                00000001
WREN                              00000002
WRERR                             00000003
Z                                 00000002
_BODEN_OFF                        00003FBF
_BODEN_ON                         00003FFF
_BOREN_OFF                        00003FBF
_BOREN_ON                         00003FFF
_CONFIG                           00002007
_CPD_OFF                          00003FFF
_CPD_ON                           00003EFF
_CP_ALL                           00001FFF
_CP_OFF                           00003FFF
_CP_ON                            00001FFF
_DEBUG_OFF                        00003FFF
_DEBUG_ON                         000037FF
_DEVID1                           00002006
_FOSC_EXTRC                       00003FFF
_FOSC_HS                          00003FFE
_FOSC_LP                          00003FFC
_FOSC_XT                          00003FFD
_HS_OSC                           00003FFE
_IDLOC0                           00002000
_IDLOC1                           00002001
_IDLOC2                           00002002
_IDLOC3                           00002003
_LP_OSC                           00003FFC
_LVP_OFF                          00003F7F
_LVP_ON                           00003FFF
_PWRTE_OFF                        00003FFF
_PWRTE_ON                         00003FF7
_RC_OSC                           00003FFF
_WDTE_OFF                         00003FFB
_WDTE_ON                          00003FFF
_WDT_OFF                          00003FFB
_WDT_ON                           00003FFF
_WRT_1FOURTH                      00003BFF
_WRT_256                          00003DFF
_WRT_HALF                         000039FF
_WRT_OFF                          00003FFF
_XT_OSC                           00003FFD
__16F877A                         00000001
__DEBUG                           1
MPASM  5.51            CONTADOR_ASCENDETE.ASM   3-18-2025  11:16:08         PAGE 12


MEMORY USAGE MAP ('X' = Used,  '-' = Unused)


0000 : X---XXXXXXXXXXXX XXXXXXXXXXXXXXXX XXXXXXXXXXXXXXXX XXXXXXXXXXXXXXXX
0040 : XXXXXXXXXXXXXXXX XXXXXXXXXXXXXXXX XXXXXXXX-------- ----------------
2000 : -------X-------- ---------------- ---------------- ----------------

All other memory blocks unused.

Program Memory Words Used:   101
Program Memory Words Free:  8091


Errors   :     0
Warnings :     0 reported,     0 suppressed
Messages :     9 reported,     0 suppressed

